#
# There is insufficient memory for the Java Runtime Environment to continue.
# Native memory allocation (mmap) failed to map 199229440 bytes for G1 virtual space
# Possible reasons:
#   The system is out of physical RAM or swap space
#   The process is running with CompressedOops enabled, and the Java Heap may be blocking the growth of the native heap
# Possible solutions:
#   Reduce memory load on the system
#   Increase physical memory or swap space
#   Check if swap backing store is full
#   Decrease Java heap size (-Xmx/-Xms)
#   Decrease number of Java threads
#   Decrease Java thread stack sizes (-Xss)
#   Set larger code cache with -XX:ReservedCodeCacheSize=
#   JVM is running with Zero Based Compressed Oops mode in which the Java heap is
#     placed in the first 32GB address space. The Java Heap base address is the
#     maximum limit for the native heap growth. Please use -XX:HeapBaseMinAddress
#     to set the Java Heap base and to place the Java Heap above 32GB virtual address.
# This output file may be truncated or incomplete.
#
#  Out of Memory Error (os_windows.cpp:3530), pid=28284, tid=17156
#
# JRE version:  (18.0.2+9) (build )
# Java VM: OpenJDK 64-Bit Server VM (18.0.2+9-FR, mixed mode, sharing, tiered, compressed oops, compressed class ptrs, g1 gc, windows-amd64)
# No core dump will be written. Minidumps are not enabled by default on client versions of Windows
#

---------------  S U M M A R Y ------------

Command Line: -agentlib:jdwp=transport=dt_socket,address=127.0.0.1:60947,suspend=y,server=n -Dmaven.multiModuleProjectDirectory=C:\cs489-appsd-202310\Lab Solutions\LabSolutions\ads-dental-appointments-web-api\ads-dental-appointments-web-api -Dmaven.home=C:\Users\Suleman Asghar\.m2\wrapper\dists\apache-maven-3.9.5-bin\2adeog8mj13csp1uusqnc1f2mo\apache-maven-3.9.5 -Dclassworlds.conf=C:\Users\Suleman Asghar\.m2\wrapper\dists\apache-maven-3.9.5-bin\2adeog8mj13csp1uusqnc1f2mo\apache-maven-3.9.5\bin\m2.conf -Dmaven.ext.class.path=C:\Program Files\JetBrains\IntelliJ IDEA 2022.1.2\plugins\maven\lib\maven-event-listener.jar -javaagent:C:\Users\SULEMA~1\AppData\Local\Temp\captureAgentjars\debugger-agent.jar -Dfile.encoding=UTF-8 org.codehaus.classworlds.Launcher -Didea.version=2022.1.2 clean -DforkCount=0 -DreuseForks=false

Host: Intel(R) Core(TM) i5-1035G1 CPU @ 1.00GHz, 8 cores, 11G,  Windows 11 , 64 bit Build 22621 (10.0.22621.2428)
Time: Tue Oct 24 11:43:59 2023 Central Daylight Time elapsed time: 0.192485 seconds (0d 0h 0m 0s)

---------------  T H R E A D  ---------------

Current thread (0x0000026bbf6777f0):  JavaThread "Unknown thread" [_thread_in_vm, id=17156, stack(0x0000008ffef00000,0x0000008fff000000)]

Stack: [0x0000008ffef00000,0x0000008fff000000]
Native frames: (J=compiled Java code, j=interpreted, Vv=VM code, C=native code)
V  [jvm.dll+0x685a2a]
V  [jvm.dll+0x82ae8d]
V  [jvm.dll+0x82c75e]
V  [jvm.dll+0x82ce03]
V  [jvm.dll+0x25ef4b]
V  [jvm.dll+0x6828ca]
V  [jvm.dll+0x67745a]
V  [jvm.dll+0x3243f9]
V  [jvm.dll+0x32ba86]
V  [jvm.dll+0x37e00a]
V  [jvm.dll+0x37e24f]
V  [jvm.dll+0x2fb50a]
V  [jvm.dll+0x2fc581]
V  [jvm.dll+0x7fb300]
V  [jvm.dll+0x38af71]
V  [jvm.dll+0x7dab95]
V  [jvm.dll+0x4058f3]
V  [jvm.dll+0x4072b1]
C  [jli.dll+0x519f]
C  [ucrtbase.dll+0x29363]
C  [KERNEL32.DLL+0x1257d]
C  [ntdll.dll+0x5aa78]


---------------  P R O C E S S  ---------------

Threads class SMR info:
_java_thread_list=0x00007ffd11ff9610, length=0, elements={
}

Java Threads: ( => current thread )

Other Threads:
  0x0000026bbf6d9380 WorkerThread "GC Thread#0" [stack: 0x0000008fff000000,0x0000008fff100000] [id=16584]
  0x0000026bbf6e6e20 ConcurrentGCThread "G1 Main Marker" [stack: 0x0000008fff100000,0x0000008fff200000] [id=29276]
  0x0000026bbf6e7720 WorkerThread "G1 Conc#0" [stack: 0x0000008fff200000,0x0000008fff300000] [id=15800]

[error occurred during error reporting (printing all threads), id 0xc0000005, EXCEPTION_ACCESS_VIOLATION (0xc0000005) at pc=0x00007ffd117cc5c7]

VM state: not at safepoint (not fully initialized)

VM Mutex/Monitor currently owned by a thread:  ([mutex/lock_event])
[0x0000026bbf675830] Heap_lock - owner thread: 0x0000026bbf6777f0

Heap address: 0x0000000743a00000, size: 3014 MB, Compressed Oops mode: Zero based, Oop shift amount: 3

CDS archive(s) mapped at: [0x0000000000000000-0x0000000000000000-0x0000000000000000), size 0, SharedBaseAddress: 0x0000000800000000, ArchiveRelocationMode: 0.
Narrow klass base: 0x0000000000000000, Narrow klass shift: 0, Narrow klass range: 0x0

GC Precious Log:
 CardTable entry size: 512
 Card Set container configuration: InlinePtr #cards 4 size 8 Array Of Cards #cards 16 size 48 Howl #buckets 8 coarsen threshold 3686 Howl Bitmap #cards 512 size 80 coarsen threshold 460 Card regions per heap region 1 cards per card region 4096

Heap:
 garbage-first heap   total 0K, used 0K [0x0000000743a00000, 0x0000000800000000)
  region size 2048K, 0 young (0K), 0 survivors (0K)

[error occurred during error reporting (printing heap information), id 0xc0000005, EXCEPTION_ACCESS_VIOLATION (0xc0000005) at pc=0x00007ffd11b9d5a9]

GC Heap History (0 events):
No events

Deoptimization events (0 events):
No events

Classes loaded (0 events):
No events

Classes unloaded (0 events):
No events

Classes redefined (0 events):
No events

Internal exceptions (0 events):
No events

VM Operations (0 events):
No events

Events (2 events):
Event: 0.177 Loaded shared library C:\Users\Suleman Asghar\.jdks\corretto-18.0.2\bin\java.dll
Event: 0.179 Loaded shared library C:\Users\Suleman Asghar\.jdks\corretto-18.0.2\bin\zip.dll


Dynamic libraries:
0x00007ff7603b0000 - 0x00007ff7603bd000 	C:\Users\Suleman Asghar\.jdks\corretto-18.0.2\bin\java.exe
0x00007ffdb4e70000 - 0x00007ffdb5087000 	C:\WINDOWS\SYSTEM32\ntdll.dll
0x00007ffdb3f60000 - 0x00007ffdb4024000 	C:\WINDOWS\System32\KERNEL32.DLL
0x00007ffdb2770000 - 0x00007ffdb2b16000 	C:\WINDOWS\System32\KERNELBASE.dll
0x00007ffdb21f0000 - 0x00007ffdb2301000 	C:\WINDOWS\System32\ucrtbase.dll
0x00007ffd8e280000 - 0x00007ffd8e297000 	C:\Users\Suleman Asghar\.jdks\corretto-18.0.2\bin\jli.dll
0x00007ffd8def0000 - 0x00007ffd8df05000 	C:\Users\Suleman Asghar\.jdks\corretto-18.0.2\bin\VCRUNTIME140.dll
0x00007ffdb4420000 - 0x00007ffdb45cd000 	C:\WINDOWS\System32\USER32.dll
0x00007ffdb2b20000 - 0x00007ffdb2b46000 	C:\WINDOWS\System32\win32u.dll
0x00007ffd96f40000 - 0x00007ffd971d3000 	C:\WINDOWS\WinSxS\amd64_microsoft.windows.common-controls_6595b64144ccf1df_6.0.22621.2361_none_2712ced57382f843\COMCTL32.dll
0x00007ffdb46c0000 - 0x00007ffdb46e9000 	C:\WINDOWS\System32\GDI32.dll
0x00007ffdb2480000 - 0x00007ffdb2598000 	C:\WINDOWS\System32\gdi32full.dll
0x00007ffdb26d0000 - 0x00007ffdb276a000 	C:\WINDOWS\System32\msvcp_win.dll
0x00007ffdb46f0000 - 0x00007ffdb4797000 	C:\WINDOWS\System32\msvcrt.dll
0x00007ffdb4940000 - 0x00007ffdb4971000 	C:\WINDOWS\System32\IMM32.DLL
0x00007ffd7c840000 - 0x00007ffd7c8db000 	C:\Users\Suleman Asghar\.jdks\corretto-18.0.2\bin\msvcp140.dll
0x00007ffd114c0000 - 0x00007ffd12131000 	C:\Users\Suleman Asghar\.jdks\corretto-18.0.2\bin\server\jvm.dll
0x00007ffdb4a70000 - 0x00007ffdb4b20000 	C:\WINDOWS\System32\ADVAPI32.dll
0x00007ffdb3370000 - 0x00007ffdb3416000 	C:\WINDOWS\System32\sechost.dll
0x00007ffdb3e40000 - 0x00007ffdb3f57000 	C:\WINDOWS\System32\RPCRT4.dll
0x00007ffdb3ca0000 - 0x00007ffdb3ca8000 	C:\WINDOWS\System32\PSAPI.DLL
0x00007ffd8fe10000 - 0x00007ffd8fe19000 	C:\WINDOWS\SYSTEM32\WSOCK32.dll
0x00007ffdb49f0000 - 0x00007ffdb4a61000 	C:\WINDOWS\System32\WS2_32.dll
0x00007ffdab670000 - 0x00007ffdab67a000 	C:\WINDOWS\SYSTEM32\VERSION.dll
0x00007ffdab440000 - 0x00007ffdab474000 	C:\WINDOWS\SYSTEM32\WINMM.dll
0x00007ffdb1290000 - 0x00007ffdb12a8000 	C:\WINDOWS\SYSTEM32\kernel.appcore.dll
0x00007ffd9b230000 - 0x00007ffd9b23a000 	C:\Users\Suleman Asghar\.jdks\corretto-18.0.2\bin\jimage.dll
0x00007ffdafa30000 - 0x00007ffdafc5e000 	C:\WINDOWS\SYSTEM32\DBGHELP.DLL
0x00007ffdb4030000 - 0x00007ffdb43ba000 	C:\WINDOWS\System32\combase.dll
0x00007ffdb3d60000 - 0x00007ffdb3e37000 	C:\WINDOWS\System32\OLEAUT32.dll
0x00007ffdaa4a0000 - 0x00007ffdaa4d2000 	C:\WINDOWS\SYSTEM32\dbgcore.DLL
0x00007ffdb2b50000 - 0x00007ffdb2bca000 	C:\WINDOWS\System32\bcryptPrimitives.dll
0x00007ffd993a0000 - 0x00007ffd993da000 	C:\Users\Suleman Asghar\.jdks\corretto-18.0.2\bin\jdwp.dll
0x00007ffd9b240000 - 0x00007ffd9b24e000 	C:\Users\Suleman Asghar\.jdks\corretto-18.0.2\bin\instrument.dll
0x00007ffd8c4b0000 - 0x00007ffd8c4d5000 	C:\Users\Suleman Asghar\.jdks\corretto-18.0.2\bin\java.dll
0x00007ffd8bc70000 - 0x00007ffd8bc88000 	C:\Users\Suleman Asghar\.jdks\corretto-18.0.2\bin\zip.dll

dbghelp: loaded successfully - version: 4.0.5 - missing functions: none
symbol engine: initialized successfully - sym options: 0x614 - pdb path: .;C:\Users\Suleman Asghar\.jdks\corretto-18.0.2\bin;C:\WINDOWS\SYSTEM32;C:\WINDOWS\WinSxS\amd64_microsoft.windows.common-controls_6595b64144ccf1df_6.0.22621.2361_none_2712ced57382f843;C:\Users\Suleman Asghar\.jdks\corretto-18.0.2\bin\server

VM Arguments:
jvm_args: -agentlib:jdwp=transport=dt_socket,address=127.0.0.1:60947,suspend=y,server=n -Dmaven.multiModuleProjectDirectory=C:\cs489-appsd-202310\Lab Solutions\LabSolutions\ads-dental-appointments-web-api\ads-dental-appointments-web-api -Dmaven.home=C:\Users\Suleman Asghar\.m2\wrapper\dists\apache-maven-3.9.5-bin\2adeog8mj13csp1uusqnc1f2mo\apache-maven-3.9.5 -Dclassworlds.conf=C:\Users\Suleman Asghar\.m2\wrapper\dists\apache-maven-3.9.5-bin\2adeog8mj13csp1uusqnc1f2mo\apache-maven-3.9.5\bin\m2.conf -Dmaven.ext.class.path=C:\Program Files\JetBrains\IntelliJ IDEA 2022.1.2\plugins\maven\lib\maven-event-listener.jar -javaagent:C:\Users\SULEMA~1\AppData\Local\Temp\captureAgentjars\debugger-agent.jar -Dfile.encoding=UTF-8 
java_command: org.codehaus.classworlds.Launcher -Didea.version=2022.1.2 clean -DforkCount=0 -DreuseForks=false
java_class_path (initial): C:\Users\Suleman Asghar\.m2\wrapper\dists\apache-maven-3.9.5-bin\2adeog8mj13csp1uusqnc1f2mo\apache-maven-3.9.5\boot\plexus-classworlds-2.7.0.jar;C:\Users\Suleman Asghar\.m2\wrapper\dists\apache-maven-3.9.5-bin\2adeog8mj13csp1uusqnc1f2mo\apache-maven-3.9.5\boot\plexus-classworlds.license;C:\Program Files\JetBrains\IntelliJ IDEA 2022.1.2\lib\idea_rt.jar
Launcher Type: SUN_STANDARD

[Global flags]
     intx CICompilerCount                          = 4                                         {product} {ergonomic}
     uint ConcGCThreads                            = 2                                         {product} {ergonomic}
     uint G1ConcRefinementThreads                  = 8                                         {product} {ergonomic}
   size_t G1HeapRegionSize                         = 2097152                                   {product} {ergonomic}
    uintx GCDrainStackTargetSize                   = 64                                        {product} {ergonomic}
   size_t InitialHeapSize                          = 199229440                                 {product} {ergonomic}
   size_t MarkStackSize                            = 4194304                                   {product} {ergonomic}
   size_t MaxHeapSize                              = 3160408064                                {product} {ergonomic}
   size_t MinHeapDeltaBytes                        = 2097152                                   {product} {ergonomic}
   size_t MinHeapSize                              = 8388608                                   {product} {ergonomic}
    uintx NonNMethodCodeHeapSize                   = 5839372                                {pd product} {ergonomic}
    uintx NonProfiledCodeHeapSize                  = 122909434                              {pd product} {ergonomic}
    uintx ProfiledCodeHeapSize                     = 122909434                              {pd product} {ergonomic}
    uintx ReservedCodeCacheSize                    = 251658240                              {pd product} {ergonomic}
     bool SegmentedCodeCache                       = true                                      {product} {ergonomic}
   size_t SoftMaxHeapSize                          = 3160408064                             {manageable} {ergonomic}
     bool UseCompressedClassPointers               = true                           {product lp64_product} {ergonomic}
     bool UseCompressedOops                        = true                           {product lp64_product} {ergonomic}
     bool UseG1GC                                  = true                                      {product} {ergonomic}
     bool UseLargePagesIndividualAllocation        = false                                  {pd product} {ergonomic}

Logging:
Log output configuration:
 #0: stdout all=warning uptime,level,tags foldmultilines=false
 #1: stderr all=off uptime,level,tags foldmultilines=false

Environment Variables:
JAVA_HOME=C:\Program Files\Java\jdk-17.0.1
PATH=C:\Program Files\Common Files\Oracle\Java\javapath;C:\WINDOWS\system32;C:\WINDOWS;C:\WINDOWS\System32\Wbem;C:\WINDOWS\System32\WindowsPowerShell\v1.0\;C:\WINDOWS\System32\OpenSSH\;C:\Program Files\Java\jdk-17.0.1\bin;C:\Program Files\dotnet\;C:\Program Files\nodejs\;C:\Program Files\PuTTY\;C:\Program Files\Docker\Docker\resources\bin;C:\Program Files\Amazon\AWSCLIV2\;C:\Program Files\Git\cmd;C:\Users\Suleman Asghar\AppData\Local\Microsoft\WindowsApps;C:\Program Files\JetBrains\IntelliJ IDEA Community Edition 2021.2.3\bin;;C:\Users\Suleman Asghar\AppData\Local\Programs\Microsoft VS Code\bin;C:\Users\Suleman Asghar\AppData\Local\GitHubDesktop\bin;C:\Users\Suleman Asghar\AppData\Roaming\npm;C:\Program Files\JetBrains\IntelliJ IDEA 2022.1.2\bin;;
USERNAME=Suleman Asghar
OS=Windows_NT
PROCESSOR_IDENTIFIER=Intel64 Family 6 Model 126 Stepping 5, GenuineIntel



---------------  S Y S T E M  ---------------

OS:
 Windows 11 , 64 bit Build 22621 (10.0.22621.2428)
OS uptime: 12 days 4:46 hours
Hyper-V role detected

CPU: total 8 (initial active 8) (4 cores per cpu, 2 threads per core) family 6 model 126 stepping 5 microcode 0xbc, cx8, cmov, fxsr, ht, mmx, 3dnowpref, sse, sse2, sse3, ssse3, sse4.1, sse4.2, popcnt, lzcnt, tsc, tscinvbit, avx, avx2, aes, erms, clmul, bmi1, bmi2, adx, avx512f, avx512dq, avx512cd, avx512bw, avx512vl, sha, fma, vzeroupper, avx512_vpopcntdq, avx512_vpclmulqdq, avx512_vaes, avx512_vnni, clflush, clflushopt, avx512_vbmi2, avx512_vbmi, hv

Memory: 4k page, system-wide physical 12051M (866M free)
TotalPageFile size 42185M (AvailPageFile size 122M)
current process WorkingSet (physical memory assigned to process): 11M, peak: 11M
current process commit charge ("private bytes"): 60M, peak: 250M

vm_info: OpenJDK 64-Bit Server VM (18.0.2+9-FR) for windows-amd64 JRE (18.0.2+9-FR), built on Jul 15 2022 20:03:03 by "Administrator" with MS VC++ 15.9 (VS2017)

END.
